[2024-06-20T22:44:07.664] [INFO] default - Running 4 Workers...
[2024-06-20T22:44:07.867] [INFO] default - Running 4 Workers...
[2024-06-20T23:17:41.901] [INFO] default - Running 4 Workers...
[2024-06-20T23:17:42.384] [INFO] default - Running 4 Workers...
[2024-06-20T23:18:20.224] [INFO] default - Connection: chatId: undefined, userToken: undefined, peerId: undefined
[2024-06-20T23:20:46.154] [INFO] default - Running 4 Workers...
[2024-06-20T23:20:47.023] [INFO] default - Running 4 Workers...
[2024-06-20T23:20:51.848] [INFO] default - Connection: chatId: undefined, userToken: undefined, peerId: undefined
[2024-06-20T23:21:26.532] [INFO] default - Running 4 Workers...
[2024-06-20T23:21:27.179] [INFO] default - Running 4 Workers...
[2024-06-20T23:21:40.717] [INFO] default - Connection: chatId: undefined, userToken: undefined, peerId: undefined
[2024-06-20T23:22:26.100] [INFO] default - Running 4 Workers...
[2024-06-20T23:22:26.340] [INFO] default - Running 4 Workers...
[2024-06-20T23:22:37.250] [INFO] default - Connection: chatId: undefined, userToken: undefined, peerId: undefined
[2024-06-20T23:22:47.020] [INFO] default - Running 4 Workers...
[2024-06-20T23:22:47.876] [INFO] default - Running 4 Workers...
[2024-06-20T23:23:04.893] [INFO] default - Connection: chatId: undefined, userToken: undefined, peerId: undefined
[2024-06-20T23:33:41.786] [INFO] default - Running 4 Workers...
[2024-06-20T23:33:42.028] [INFO] default - Running 4 Workers...
[2024-06-20T23:34:15.866] [INFO] default - Connection: chatId: 6665af4b42830e3b82f73db8, userToken: eyJhbGciOiJIUzI1NiIsInR5cCI6IkpXVCJ9.eyJfaWQiOiI2NjY0ZjMzMWYxMThmMjY3NDlmYzExMWEiLCJpYXQiOjE3MTg5MjU0MTN9.5gu80v7x4D7jrezhmKfeO3xZSUy8Uq3xhq1iqp9pGlo, peerId: 6664f331f118f26749fc111a
[2024-06-20T23:34:15.874] [INFO] default - Create Room undefined
[2024-06-20T23:34:15.906] [INFO] default - Room created, roomId = undefined
[2024-06-20T23:34:16.102] [INFO] default - Create producer Transport : peer 6664f331f118f26749fc111a
[2024-06-20T23:34:16.181] [INFO] default - Create consumer Transport : peer 6664f331f118f26749fc111a
[2024-06-20T23:34:16.215] [INFO] default - Join : [Host] 6664f331f118f26749fc111a
[2024-06-20T23:34:19.743] [INFO] default - Connect producer Transport : peer 6664f331f118f26749fc111a
[2024-06-20T23:34:20.048] [INFO] default - Produce : peer 6664f331f118f26749fc111a
[2024-06-20T23:34:36.460] [INFO] default - Close producer : peer 6664f331f118f26749fc111a, producer 107fb211-0d93-4eb0-9c48-088145672d37
[2024-06-20T23:34:36.845] [INFO] default - Peer 6664f331f118f26749fc111a disconnected!
[2024-06-20T23:34:36.847] [INFO] default - Host 6664f331f118f26749fc111a Exit
[2024-06-20T23:34:36.848] [INFO] default - Peer 6664f331f118f26749fc111a closed
[2024-06-20T23:34:36.848] [INFO] default - Room undefined closed.
[2024-06-20T23:34:36.850] [INFO] default - room [6665af4b42830e3b82f73db8] closed!
