[2025-08-14T01:11:11.929] [INFO] default - Running 4 Workers...
[2025-08-14T01:16:11.946] [INFO] default - Running MediaSoup room socket cleanup...
[2025-08-14T01:16:11.948] [INFO] default - Running main socket cleanup...
[2025-08-14T01:21:11.961] [INFO] default - Running MediaSoup room cleanup...
[2025-08-14T01:21:11.962] [INFO] default - Running MediaSoup room socket cleanup...
[2025-08-14T01:21:11.963] [INFO] default - Running main socket cleanup...
[2025-08-14T01:26:11.974] [INFO] default - Running MediaSoup room socket cleanup...
[2025-08-14T01:26:11.975] [INFO] default - Running main socket cleanup...
[2025-08-14T01:31:11.969] [INFO] default - Running MediaSoup room cleanup...
[2025-08-14T01:31:11.985] [INFO] default - Running MediaSoup room socket cleanup...
[2025-08-14T01:31:11.985] [INFO] default - Running main socket cleanup...
[2025-08-14T01:36:11.993] [INFO] default - Running MediaSoup room socket cleanup...
[2025-08-14T01:36:11.993] [INFO] default - Running main socket cleanup...
[2025-08-14T01:41:11.979] [INFO] default - Running MediaSoup room cleanup...
[2025-08-14T01:41:11.995] [INFO] default - Running MediaSoup room socket cleanup...
[2025-08-14T01:41:11.996] [INFO] default - Running main socket cleanup...
[2025-08-14T01:46:12.009] [INFO] default - Running MediaSoup room socket cleanup...
[2025-08-14T01:46:12.009] [INFO] default - Running main socket cleanup...
[2025-08-14T01:51:11.980] [INFO] default - Running MediaSoup room cleanup...
[2025-08-14T01:51:12.012] [INFO] default - Running MediaSoup room socket cleanup...
[2025-08-14T01:51:12.012] [INFO] default - Running main socket cleanup...
[2025-08-14T01:56:12.023] [INFO] default - Running MediaSoup room socket cleanup...
[2025-08-14T01:56:12.023] [INFO] default - Running main socket cleanup...
[2025-08-14T02:01:11.983] [INFO] default - Running MediaSoup room cleanup...
[2025-08-14T02:01:12.015] [INFO] default - Running MediaSoup room socket cleanup...
[2025-08-14T02:01:12.030] [INFO] default - Running main socket cleanup...
[2025-08-14T02:06:12.029] [INFO] default - Running MediaSoup room socket cleanup...
[2025-08-14T02:06:12.045] [INFO] default - Running main socket cleanup...
[2025-08-14T02:11:11.997] [INFO] default - Running MediaSoup room cleanup...
[2025-08-14T02:11:12.038] [INFO] default - Running MediaSoup room socket cleanup...
[2025-08-14T02:11:12.052] [INFO] default - Running main socket cleanup...
[2025-08-14T02:13:21.527] [INFO] default - Running 4 Workers...
[2025-08-14T02:13:25.675] [ERROR] default - Worker 16512 DIED, exiting in 5 secs
[2025-08-14T02:13:25.677] [ERROR] default - Worker 15320 DIED, exiting in 5 secs
[2025-08-14T02:13:25.768] [ERROR] default - Worker 12400 DIED, exiting in 5 secs
[2025-08-14T02:13:25.802] [ERROR] default - Worker 11312 DIED, exiting in 5 secs
[2025-08-14T02:13:40.770] [INFO] default - Running 4 Workers...
[2025-08-14T02:18:40.827] [INFO] default - Running MediaSoup room socket cleanup...
[2025-08-14T02:18:40.828] [INFO] default - Running main socket cleanup...
[2025-08-14T02:23:40.828] [INFO] default - Running MediaSoup room cleanup...
[2025-08-14T02:23:40.828] [INFO] default - Running MediaSoup room socket cleanup...
[2025-08-14T02:23:40.829] [INFO] default - Running main socket cleanup...
[2025-08-14T02:24:42.693] [INFO] default - Connection: chatId: 68192559447726b5460725e4, userId: 6819114d10dbecccb8aa0135
[2025-08-14T02:24:42.715] [INFO] default - Create Room 68192559447726b5460725e4
[2025-08-14T02:24:42.755] [INFO] default - Room created, roomId = 68192559447726b5460725e4
[2025-08-14T02:24:44.027] [INFO] default - Create producer Transport : peer 6819114d10dbecccb8aa0135
[2025-08-14T02:24:44.170] [INFO] default - Create consumer Transport : peer 6819114d10dbecccb8aa0135
[2025-08-14T02:24:44.206] [INFO] default - Join : [Host] 6819114d10dbecccb8aa0135
[2025-08-14T02:24:44.219] [INFO] default - Participant 6819114d10dbecccb8aa0135 added to call 68192559447726b5460725e4
[2025-08-14T02:28:40.839] [INFO] default - Running MediaSoup room socket cleanup...
[2025-08-14T02:28:40.841] [INFO] default - Running main socket cleanup...
[2025-08-14T02:29:20.074] [ERROR] default - Worker 4432 DIED, exiting in 5 secs
[2025-08-14T02:29:42.887] [INFO] default - Running 4 Workers...
[2025-08-14T02:29:44.121] [INFO] default - Connection: chatId: 68192559447726b5460725e4, userId: 6819114d10dbecccb8aa0135
[2025-08-14T02:29:44.344] [INFO] default - Create Room 68192559447726b5460725e4
[2025-08-14T02:29:44.384] [INFO] default - Room created, roomId = 68192559447726b5460725e4
[2025-08-14T02:29:58.603] [INFO] default - Connection: chatId: 68192559447726b5460725e4, userId: 6819114d10dbecccb8aa0135
[2025-08-14T02:29:58.614] [INFO] default - peer 6819114d10dbecccb8aa0135 reconnect
[2025-08-14T02:29:59.293] [INFO] default - Create producer Transport : peer 6819114d10dbecccb8aa0135
[2025-08-14T02:29:59.370] [INFO] default - Create consumer Transport : peer 6819114d10dbecccb8aa0135
[2025-08-14T02:29:59.456] [INFO] default - Join : [Host] 6819114d10dbecccb8aa0135
[2025-08-14T02:29:59.497] [INFO] default - Participant 6819114d10dbecccb8aa0135 added to call 68192559447726b5460725e4
[2025-08-14T02:30:14.714] [ERROR] default - Error ending call record: ReferenceError: CallLog is not defined
[2025-08-14T02:30:14.715] [INFO] default - CLOSE ROOM : Host 6819114d10dbecccb8aa0135 Exit, room closed!
[2025-08-14T02:30:14.731] [INFO] default - Call status updated to ended for room 68192559447726b5460725e4
[2025-08-14T02:30:14.739] [INFO] default - Call 68192559447726b5460725e4 ended with reason: normal
[2025-08-14T02:30:14.767] [INFO] default - Peer 6819114d10dbecccb8aa0135 disconnected!
[2025-08-14T02:30:14.768] [INFO] default - Host 6819114d10dbecccb8aa0135 Exit
[2025-08-14T02:30:14.769] [INFO] default - Participant 6819114d10dbecccb8aa0135 removed from call 68192559447726b5460725e4
[2025-08-14T02:30:14.782] [INFO] default - Peer 6819114d10dbecccb8aa0135 closed
[2025-08-14T02:30:14.782] [INFO] default - Room 68192559447726b5460725e4 closed.
[2025-08-14T02:30:14.783] [INFO] default - Peer 6819114d10dbecccb8aa0135 closed
[2025-08-14T02:30:14.783] [INFO] default - Room 68192559447726b5460725e4 closed.
[2025-08-14T02:30:14.833] [INFO] default - room [68192559447726b5460725e4] closed!
[2025-08-14T02:30:14.843] [INFO] default - room [68192559447726b5460725e4] closed!
[2025-08-14T02:30:48.483] [INFO] default - Connection: chatId: 68192559447726b5460725e4, userId: 6819114d10dbecccb8aa0135
[2025-08-14T02:30:48.492] [INFO] default - Create Room 68192559447726b5460725e4
[2025-08-14T02:30:48.556] [INFO] default - Room created, roomId = 68192559447726b5460725e4
[2025-08-14T02:30:49.473] [INFO] default - Create producer Transport : peer 6819114d10dbecccb8aa0135
[2025-08-14T02:30:49.624] [INFO] default - Create consumer Transport : peer 6819114d10dbecccb8aa0135
[2025-08-14T02:30:49.773] [INFO] default - Join : [Host] 6819114d10dbecccb8aa0135
[2025-08-14T02:30:49.787] [INFO] default - Participant 6819114d10dbecccb8aa0135 added to call 68192559447726b5460725e4
[2025-08-14T02:30:53.274] [INFO] default - Connection: chatId: 68192559447726b5460725e4, userId: 681900ebf939935d048c1adc
[2025-08-14T02:30:53.826] [INFO] default - Create producer Transport : peer 681900ebf939935d048c1adc
[2025-08-14T02:30:53.967] [INFO] default - Create consumer Transport : peer 681900ebf939935d048c1adc
[2025-08-14T02:30:54.015] [INFO] default - Join : [Member] 681900ebf939935d048c1adc!
[2025-08-14T02:30:54.025] [INFO] default - Participant 681900ebf939935d048c1adc added to call 68192559447726b5460725e4
[2025-08-14T02:30:54.031] [INFO] default - Call status updated to accepted for room 68192559447726b5460725e4
[2025-08-14T02:31:22.466] [ERROR] default - Error ending call record: ReferenceError: CallLog is not defined
[2025-08-14T02:31:22.467] [INFO] default - CLOSE ROOM : Host 6819114d10dbecccb8aa0135 Exit, room closed!
[2025-08-14T02:31:22.470] [INFO] default - Call status updated to ended for room 68192559447726b5460725e4
[2025-08-14T02:31:22.474] [INFO] default - Call 68192559447726b5460725e4 ended with reason: normal
[2025-08-14T02:31:22.525] [INFO] default - Peer 6819114d10dbecccb8aa0135 disconnected!
[2025-08-14T02:31:22.526] [INFO] default - Host 6819114d10dbecccb8aa0135 Exit
[2025-08-14T02:31:22.526] [INFO] default - Participant 6819114d10dbecccb8aa0135 removed from call 68192559447726b5460725e4
[2025-08-14T02:31:22.529] [INFO] default - Peer 6819114d10dbecccb8aa0135 closed
[2025-08-14T02:31:22.565] [ERROR] default - Error ending call record: ReferenceError: CallLog is not defined
[2025-08-14T02:31:22.841] [INFO] default - Peer 681900ebf939935d048c1adc disconnected!
[2025-08-14T02:31:22.841] [INFO] default - Host 681900ebf939935d048c1adc Exit
[2025-08-14T02:31:22.842] [INFO] default - Participant 681900ebf939935d048c1adc removed from call 68192559447726b5460725e4
[2025-08-14T02:31:22.842] [INFO] default - Peer 681900ebf939935d048c1adc closed
[2025-08-14T02:31:22.843] [INFO] default - Room 68192559447726b5460725e4 closed.
[2025-08-14T02:31:22.857] [INFO] default - room [68192559447726b5460725e4] closed!
